<?xml version="1.0" encoding="UTF-8"?>
<testng-results ignored="0" total="1" passed="1" failed="0" skipped="0">
  <reporter-output>
  </reporter-output>
  <suite started-at="2019-09-10T03:29:58Z" name="Default suite" finished-at="2019-09-10T03:30:15Z" duration-ms="16881">
    <groups>
    </groups>
    <test started-at="2019-09-10T03:29:58Z" name="Default test" finished-at="2019-09-10T03:30:15Z" duration-ms="16881">
      <class name="co.testerpackage.TesterClass">
        <test-method is-config="true" signature="beforeSuite()[pri:0, instance:co.testerpackage.TesterClass@fa36558]" started-at="2019-09-10T03:29:58Z" name="beforeSuite" finished-at="2019-09-10T03:29:58Z" duration-ms="9" status="PASS">
          <reporter-output>
          </reporter-output>
        </test-method> <!-- beforeSuite -->
        <test-method is-config="true" signature="beforeClass()[pri:0, instance:co.testerpackage.TesterClass@fa36558]" started-at="2019-09-10T03:29:58Z" name="beforeClass" finished-at="2019-09-10T03:29:58Z" duration-ms="0" status="PASS">
          <reporter-output>
          </reporter-output>
        </test-method> <!-- beforeClass -->
        <test-method is-config="true" signature="beforeMethodClass()[pri:0, instance:co.testerpackage.TesterClass@fa36558]" started-at="2019-09-10T03:29:58Z" name="beforeMethodClass" finished-at="2019-09-10T03:30:03Z" duration-ms="4932" status="PASS">
          <reporter-output>
          </reporter-output>
        </test-method> <!-- beforeMethodClass -->
        <test-method signature="returnTicket()[pri:0, instance:co.testerpackage.TesterClass@fa36558]" started-at="2019-09-10T03:30:03Z" name="returnTicket" finished-at="2019-09-10T03:30:15Z" duration-ms="11928" status="PASS">
          <reporter-output>
          </reporter-output>
        </test-method> <!-- returnTicket -->
        <test-method is-config="true" signature="close()[pri:0, instance:co.testerpackage.TesterClass@fa36558]" started-at="2019-09-10T03:30:15Z" name="close" finished-at="2019-09-10T03:30:15Z" duration-ms="0" status="PASS">
          <reporter-output>
          </reporter-output>
        </test-method> <!-- close -->
        <test-method is-config="true" signature="afterClass()[pri:0, instance:co.testerpackage.TesterClass@fa36558]" started-at="2019-09-10T03:30:15Z" name="afterClass" finished-at="2019-09-10T03:30:15Z" duration-ms="0" status="PASS">
          <reporter-output>
          </reporter-output>
        </test-method> <!-- afterClass -->
        <test-method is-config="true" signature="afterSuite()[pri:0, instance:co.testerpackage.TesterClass@fa36558]" started-at="2019-09-10T03:30:15Z" name="afterSuite" finished-at="2019-09-10T03:30:16Z" duration-ms="1380" status="PASS">
          <reporter-output>
          </reporter-output>
        </test-method> <!-- afterSuite -->
      </class> <!-- co.testerpackage.TesterClass -->
    </test> <!-- Default test -->
  </suite> <!-- Default suite -->
</testng-results>
